[2024-07-19T14:16:14.610Z] Inside POST call to update weather forecast by zip Code.
[2024-07-19T14:16:14.615Z] Zip Codes:  18034
[2024-07-19T14:16:15.250Z] Database Connected!!! 1
[2024-07-19T14:16:15.399Z] Using existing database connection
[2024-07-19T14:16:16.335Z] Zip Codes processed for Weather Updates:  1
[2024-07-19T14:16:17.361Z] Total processed items: 1
[2024-07-19T14:16:17.374Z] Weather Updates by ZipCode is a success!
[2024-07-19T14:16:37.069Z] Reusing existing database connection
[2024-07-19T14:16:37.119Z] Using existing database connection
[2024-07-19T14:16:37.347Z] Updated severity for zip code 18034
[2024-07-19T14:26:11.800Z] Inside POST call to update weather forecast by zip Code.
[2024-07-19T14:26:11.803Z] Zip Codes:  90210
[2024-07-19T14:26:11.809Z] Using existing database connection
[2024-07-19T14:26:11.846Z] Using existing database connection
[2024-07-19T14:26:13.599Z] Zip Codes processed for Weather Updates:  1
[2024-07-19T14:26:14.624Z] Total processed items: 1
[2024-07-19T14:26:14.637Z] Weather Updates by ZipCode is a success!
[2024-07-19T14:28:04.185Z] Inside POST call to update weather forecast by zip Code.
[2024-07-19T14:28:04.187Z] Zip Codes:  60148,18034
[2024-07-19T14:28:04.190Z] Using existing database connection
[2024-07-19T14:28:04.242Z] Using existing database connection
[2024-07-19T14:28:04.625Z] Using existing database connection
[2024-07-19T14:28:05.861Z] Zip Codes processed for Weather Updates:  3
[2024-07-19T14:28:06.886Z] Total processed items: 2
[2024-07-19T14:28:06.897Z] Weather Updates by ZipCode is a success!
[2024-07-19T14:32:52.665Z] Reusing existing database connection
[2024-07-19T14:33:08.047Z] Using existing database connection
[2024-07-19T14:33:14.230Z] Using existing database connection
[2024-07-19T14:34:20.467Z] Inside POST call to update weather forecast by zip Code.
[2024-07-19T14:34:20.471Z] Zip Codes:  60148,18034
[2024-07-19T14:34:20.481Z] Reusing existing database connection
[2024-07-19T14:34:21.976Z] Zip Codes processed for Weather Updates:  2
[2024-07-19T14:34:22.994Z] Total processed items: 2
[2024-07-19T14:34:22.997Z] Weather Updates by ZipCode is a success!
[2024-07-19T15:03:51.805Z] Inside POST call to update weather forecast by zip Code.
[2024-07-19T15:03:51.816Z] Zip Codes:  60148,18034
[2024-07-19T15:03:51.836Z] Reusing existing database connection
[2024-07-19T15:03:51.900Z] Using existing database connection
[2024-07-19T15:03:52.463Z] Using existing database connection
[2024-07-19T15:03:53.682Z] Zip Codes processed for Weather Updates:  2
[2024-07-19T15:03:53.697Z] Total processed items: 2
[2024-07-19T15:03:53.706Z] Weather Updates by ZipCode is a success!
[2024-07-19T15:03:57.046Z] Inside POST call to update weather forecast by zip Code.
[2024-07-19T15:03:57.053Z] Zip Codes:  60148,18034
[2024-07-19T15:03:57.058Z] Using existing database connection
[2024-07-19T15:03:57.191Z] Using existing database connection
[2024-07-19T15:03:57.543Z] Using existing database connection
[2024-07-19T15:03:58.567Z] Zip Codes processed for Weather Updates:  4
[2024-07-19T15:03:58.576Z] Total processed items: 2
[2024-07-19T15:03:58.582Z] Weather Updates by ZipCode is a success!
[2024-07-19T16:11:05.166Z] Reusing existing database connection
[2024-07-19T16:11:20.297Z] Using existing database connection
[2024-07-19T16:15:04.599Z] Inside POST call to update weather forecast by zip Code.
[2024-07-19T16:15:04.602Z] Zip Codes:  60148,18034
[2024-07-19T16:15:04.607Z] Reusing existing database connection
[2024-07-19T16:15:04.655Z] Using existing database connection
[2024-07-19T16:15:05.156Z] Using existing database connection
[2024-07-19T16:15:06.389Z] Zip Codes processed for Weather Updates:  2
[2024-07-19T16:15:06.394Z] Total processed items: 2
[2024-07-19T16:15:06.401Z] Weather Updates by ZipCode is a success!
