[2024-07-23T15:36:27.193Z] Inside POST call to update weather forecast by zip Code.
[2024-07-23T15:36:27.201Z] Zip Codes:  18034
[2024-07-23T15:36:27.386Z] Weather Updates by ZipCode is a success!
[2024-07-23T15:36:28.087Z] Database Connected!!! 1
[2024-07-23T15:36:28.234Z] Using existing database connection
[2024-07-23T15:36:29.462Z] Zip Codes processed for Weather Updates:  1
[2024-07-23T15:36:29.470Z] Total processed items: 1
[2024-07-23T15:50:26.509Z] Inside POST call to update weather forecast by zip Code.
[2024-07-23T15:50:26.533Z] Zip Codes:  18034
[2024-07-23T15:50:26.629Z] Reusing existing database connection
[2024-07-23T15:50:26.637Z] Weather Updates by ZipCode is a success!
[2024-07-23T15:50:27.115Z] Using existing database connection
[2024-07-23T15:50:27.719Z] Zip Codes processed for Weather Updates:  1
[2024-07-23T15:50:27.740Z] Total processed items: 1
[2024-07-23T15:52:45.382Z] Inside POST call to update weather forecast by zip Code.
[2024-07-23T15:52:45.400Z] Zip Codes:  37381
[2024-07-23T15:52:45.417Z] Using existing database connection
[2024-07-23T15:52:45.424Z] Weather Updates by ZipCode is a success!
[2024-07-23T15:52:45.517Z] Using existing database connection
[2024-07-23T15:52:45.720Z] Error fetching weather for location code locCode14156: [object Object]
[2024-07-23T15:52:45.852Z] Error updating catalog:
[2024-07-23T15:52:45.855Z] Total processed items: 0
[2024-07-23T15:54:50.361Z] Reusing existing database connection
[2024-07-23T15:54:50.364Z] Connected to database.
[2024-07-23T15:54:50.368Z] Using existing database connection
[2024-07-23T15:54:50.747Z] Updated zip code 37381 with location code 16277_PC and time zone America/New_York
[2024-07-23T15:54:50.753Z] Specific zip codes updated successfully.
[2024-07-23T15:55:01.757Z] Inside POST call to update weather forecast by zip Code.
[2024-07-23T15:55:01.768Z] Zip Codes:  37381
[2024-07-23T15:55:01.777Z] Reusing existing database connection
[2024-07-23T15:55:01.784Z] Weather Updates by ZipCode is a success!
[2024-07-23T15:55:01.848Z] Using existing database connection
[2024-07-23T15:55:02.627Z] Zip Codes processed for Weather Updates:  1
[2024-07-23T15:55:02.637Z] Total processed items: 1
[2024-07-23T16:02:39.148Z] Reusing existing database connection
[2024-07-23T16:02:39.231Z] Using existing database connection
[2024-07-23T16:02:39.576Z] Updated severity for zip code 37381
[2024-07-23T16:07:47.264Z] Reusing existing database connection
[2024-07-23T16:14:20.011Z] Reusing existing database connection
[2024-07-23T16:14:38.787Z] Using existing database connection
[2024-07-23T16:14:56.136Z] Using existing database connection
[2024-07-23T16:15:01.788Z] Using existing database connection
[2024-07-23T16:15:14.495Z] Using existing database connection
[2024-07-23T16:16:46.819Z] Reusing existing database connection
[2024-07-23T16:16:46.827Z] Connected to database.
[2024-07-23T16:16:46.834Z] Using existing database connection
[2024-07-23T16:16:47.289Z] Updated zip code 37360 with location code 16258_PC and time zone America/Chicago
[2024-07-23T16:16:47.297Z] Specific zip codes updated successfully.
[2024-07-23T16:16:55.586Z] Reusing existing database connection
[2024-07-23T16:16:55.672Z] Using existing database connection
[2024-07-23T16:16:56.209Z] Updated severity for zip code 37360
